TN:
SF:src/Cartas/Carta.ts
FN:22,<instance_members_initializer>
FN:25,Carta
FN:38,toJSON
FNF:3
FNH:3
FNDA:6,<instance_members_initializer>
FNDA:6,Carta
FNDA:3,toJSON
DA:1,1
DA:2,1
DA:3,1
DA:4,1
DA:5,1
DA:6,1
DA:7,1
DA:8,1
DA:9,1
DA:10,1
DA:11,1
DA:12,1
DA:13,1
DA:14,1
DA:15,1
DA:16,1
DA:17,1
DA:18,1
DA:19,1
DA:20,1
DA:21,1
DA:22,1
DA:23,6
DA:24,6
DA:25,6
DA:26,6
DA:27,6
DA:28,6
DA:29,6
DA:30,5
DA:31,5
DA:32,6
DA:33,4
DA:34,4
DA:35,6
DA:36,6
DA:37,6
DA:38,6
DA:39,3
DA:40,3
DA:41,3
DA:42,3
DA:43,3
DA:44,3
DA:45,3
DA:46,3
DA:47,3
DA:48,3
DA:49,3
DA:50,3
DA:51,6
DA:52,1
DA:53,1
DA:54,1
LF:54
LH:54
BRDA:2,0,0,1
BRDA:4,1,0,1
BRDA:6,2,0,1
BRDA:22,3,0,6
BRDA:25,4,0,6
BRDA:29,5,0,1
BRDA:30,6,0,5
BRDA:32,7,0,1
BRDA:33,8,0,4
BRDA:35,9,0,1
BRDA:38,10,0,3
BRF:11
BRH:11
end_of_record
TN:
SF:src/Cartas/Carta_Criatura.ts
FN:7,<instance_members_initializer>
FN:9,Carta_Criatura
FN:14,toJSON
FNF:3
FNH:3
FNDA:1,<instance_members_initializer>
FNDA:1,Carta_Criatura
FNDA:1,toJSON
DA:1,1
DA:2,1
DA:3,1
DA:4,1
DA:5,1
DA:6,1
DA:7,1
DA:8,1
DA:9,1
DA:10,1
DA:11,1
DA:12,1
DA:13,1
DA:14,1
DA:15,1
DA:16,1
DA:17,1
DA:18,1
DA:19,1
DA:20,1
DA:21,1
DA:22,1
DA:23,1
DA:24,1
LF:24
LH:24
BRDA:7,0,0,1
BRDA:9,1,0,1
BRDA:14,2,0,1
BRF:3
BRH:3
end_of_record
TN:
SF:src/Cartas/Carta_Planeswalker.ts
FN:5,<instance_members_initializer>
FN:7,Carta_Planeswalker
FN:12,toJSON
FNF:3
FNH:3
FNDA:1,<instance_members_initializer>
FNDA:1,Carta_Planeswalker
FNDA:1,toJSON
DA:1,1
DA:2,1
DA:3,1
DA:4,1
DA:5,1
DA:6,1
DA:7,1
DA:8,1
DA:9,1
DA:10,1
DA:11,1
DA:12,1
DA:13,1
DA:14,1
DA:15,1
DA:16,1
DA:17,1
DA:18,1
DA:19,1
DA:20,1
LF:20
LH:20
BRDA:5,0,0,1
BRDA:7,1,0,1
BRDA:12,2,0,1
BRF:3
BRH:3
end_of_record
