TN:
SF:src/Cartas/Carta.ts
FN:22,<instance_members_initializer>
FN:25,Carta
FN:38,toJSON
FNF:3
FNH:3
FNDA:16,<instance_members_initializer>
FNDA:16,Carta
FNDA:5,toJSON
DA:1,1
DA:2,1
DA:3,1
DA:4,1
DA:5,1
DA:6,1
DA:7,1
DA:8,1
DA:9,1
DA:10,1
DA:11,1
DA:12,1
DA:13,1
DA:14,1
DA:15,1
DA:16,1
DA:17,1
DA:18,1
DA:19,1
DA:20,1
DA:21,1
DA:22,1
DA:23,16
DA:24,16
DA:25,16
DA:26,16
DA:27,16
DA:28,16
DA:29,16
DA:30,15
DA:31,15
DA:32,16
DA:33,14
DA:34,14
DA:35,16
DA:36,16
DA:37,16
DA:38,16
DA:39,5
DA:40,5
DA:41,5
DA:42,5
DA:43,5
DA:44,5
DA:45,5
DA:46,5
DA:47,5
DA:48,5
DA:49,5
DA:50,5
DA:51,16
DA:52,1
DA:53,1
DA:54,1
LF:54
LH:54
BRDA:2,0,0,1
BRDA:4,1,0,1
BRDA:6,2,0,1
BRDA:22,3,0,16
BRDA:25,4,0,16
BRDA:29,5,0,1
BRDA:30,6,0,15
BRDA:32,7,0,1
BRDA:33,8,0,14
BRDA:35,9,0,1
BRDA:38,10,0,5
BRF:11
BRH:11
end_of_record
TN:
SF:src/Cartas/Carta_Criatura.ts
FN:7,<instance_members_initializer>
FN:9,Carta_Criatura
FN:14,toJSON
FNF:3
FNH:3
FNDA:1,<instance_members_initializer>
FNDA:1,Carta_Criatura
FNDA:1,toJSON
DA:1,1
DA:2,1
DA:3,1
DA:4,1
DA:5,1
DA:6,1
DA:7,1
DA:8,1
DA:9,1
DA:10,1
DA:11,1
DA:12,1
DA:13,1
DA:14,1
DA:15,1
DA:16,1
DA:17,1
DA:18,1
DA:19,1
DA:20,1
DA:21,1
DA:22,1
DA:23,1
DA:24,1
LF:24
LH:24
BRDA:7,0,0,1
BRDA:9,1,0,1
BRDA:14,2,0,1
BRF:3
BRH:3
end_of_record
TN:
SF:src/Cartas/Carta_Planeswalker.ts
FN:5,<instance_members_initializer>
FN:7,Carta_Planeswalker
FN:12,toJSON
FNF:3
FNH:3
FNDA:1,<instance_members_initializer>
FNDA:1,Carta_Planeswalker
FNDA:1,toJSON
DA:1,1
DA:2,1
DA:3,1
DA:4,1
DA:5,1
DA:6,1
DA:7,1
DA:8,1
DA:9,1
DA:10,1
DA:11,1
DA:12,1
DA:13,1
DA:14,1
DA:15,1
DA:16,1
DA:17,1
DA:18,1
DA:19,1
DA:20,1
LF:20
LH:20
BRDA:5,0,0,1
BRDA:7,1,0,1
BRDA:12,2,0,1
BRF:3
BRH:3
end_of_record
TN:
SF:src/GestorFicheros/GestorFichero.ts
FN:34,<instance_members_initializer>
FN:39,GestorFichero
FN:46,escribir_archivo
FN:95,mostrar_archivo
FN:150,search_archivo
FN:199,borrar_archivo
FN:249,modificar_archivo
FNF:7
FNH:7
FNDA:2,<instance_members_initializer>
FNDA:2,GestorFichero
FNDA:1,escribir_archivo
FNDA:1,mostrar_archivo
FNDA:1,search_archivo
FNDA:1,borrar_archivo
FNDA:1,modificar_archivo
DA:1,1
DA:2,1
DA:3,1
DA:4,1
DA:5,1
DA:6,1
DA:7,1
DA:8,1
DA:9,1
DA:10,1
DA:11,1
DA:12,1
DA:13,1
DA:14,1
DA:15,1
DA:16,1
DA:17,1
DA:18,1
DA:19,1
DA:20,1
DA:21,1
DA:22,1
DA:23,1
DA:24,1
DA:25,1
DA:26,1
DA:27,1
DA:28,1
DA:29,1
DA:30,1
DA:31,1
DA:32,1
DA:33,1
DA:34,2
DA:35,2
DA:36,2
DA:37,2
DA:38,2
DA:39,2
DA:40,2
DA:41,2
DA:42,2
DA:43,2
DA:44,2
DA:45,2
DA:46,2
DA:47,1
DA:48,1
DA:49,1
DA:50,1
DA:51,1
DA:52,0
DA:53,0
DA:54,0
DA:55,0
DA:56,0
DA:57,0
DA:58,0
DA:59,0
DA:60,0
DA:61,0
DA:62,0
DA:63,0
DA:64,0
DA:65,0
DA:66,0
DA:67,0
DA:68,0
DA:69,0
DA:70,0
DA:71,1
DA:72,1
DA:73,1
DA:74,1
DA:75,1
DA:76,0
DA:77,0
DA:78,0
DA:79,1
DA:80,1
DA:81,1
DA:82,1
DA:83,1
DA:84,1
DA:85,1
DA:86,1
DA:87,1
DA:88,1
DA:89,1
DA:90,2
DA:91,2
DA:92,2
DA:93,2
DA:94,2
DA:95,2
DA:96,1
DA:97,1
DA:98,0
DA:99,1
DA:100,1
DA:101,1
DA:102,0
DA:103,0
DA:104,0
DA:105,1
DA:106,1
DA:107,1
DA:108,3
DA:109,3
DA:110,0
DA:111,0
DA:112,0
DA:113,3
DA:114,3
DA:115,3
DA:116,3
DA:117,3
DA:118,3
DA:119,3
DA:120,0
DA:121,0
DA:122,3
DA:123,0
DA:124,3
DA:125,3
DA:126,3
DA:127,3
DA:128,3
DA:129,3
DA:130,3
DA:131,3
DA:132,3
DA:133,3
DA:134,3
DA:135,1
DA:136,1
DA:137,3
DA:138,3
DA:139,1
DA:140,1
DA:141,1
DA:142,1
DA:143,1
DA:144,2
DA:145,2
DA:146,2
DA:147,2
DA:148,2
DA:149,2
DA:150,1
DA:151,1
DA:152,1
DA:153,1
DA:154,1
DA:155,1
DA:156,0
DA:157,1
DA:158,1
DA:159,1
DA:160,0
DA:161,1
DA:162,1
DA:163,3
DA:164,3
DA:165,3
DA:166,3
DA:167,3
DA:168,3
DA:169,0
DA:170,3
DA:171,3
DA:172,3
DA:173,0
DA:174,0
DA:175,3
DA:176,0
DA:177,3
DA:178,3
DA:179,3
DA:180,3
DA:181,3
DA:182,1
DA:183,1
DA:184,1
DA:185,3
DA:186,3
DA:187,1
DA:188,1
DA:189,1
DA:190,1
DA:191,1
DA:192,1
DA:193,2
DA:194,2
DA:195,2
DA:196,2
DA:197,2
DA:198,2
DA:199,2
DA:200,1
DA:201,1
DA:202,1
DA:203,1
DA:204,0
DA:205,1
DA:206,1
DA:207,1
DA:208,1
DA:209,1
DA:210,0
DA:211,0
DA:212,1
DA:213,1
DA:214,1
DA:215,3
DA:216,3
DA:217,3
DA:218,0
DA:219,0
DA:220,3
DA:221,3
DA:222,3
DA:223,3
DA:224,1
DA:225,1
DA:226,1
DA:227,0
DA:228,1
DA:229,1
DA:230,1
DA:231,1
DA:232,1
DA:233,1
DA:234,3
DA:235,3
DA:236,1
DA:237,1
DA:238,1
DA:239,1
DA:240,1
DA:241,1
DA:242,2
DA:243,2
DA:244,2
DA:245,2
DA:246,2
DA:247,2
DA:248,2
DA:249,2
DA:250,1
DA:251,1
DA:252,1
DA:253,1
DA:254,0
DA:255,1
DA:256,1
DA:257,1
DA:258,1
DA:259,1
DA:260,0
DA:261,0
DA:262,1
DA:263,1
DA:264,1
DA:265,2
DA:266,2
DA:267,2
DA:268,2
DA:269,0
DA:270,2
DA:271,2
DA:272,2
DA:273,2
DA:274,0
DA:275,0
DA:276,2
DA:277,2
DA:278,2
DA:279,2
DA:280,2
DA:281,2
DA:282,2
DA:283,2
DA:284,2
DA:285,2
DA:286,1
DA:287,1
DA:288,1
DA:289,1
DA:290,1
DA:291,9
DA:292,9
DA:293,9
DA:294,9
DA:295,0
DA:296,0
DA:297,9
DA:298,1
DA:299,1
DA:300,9
DA:301,1
DA:302,1
DA:303,9
DA:304,1
DA:305,1
DA:306,9
DA:307,1
DA:308,1
DA:309,9
DA:310,1
DA:311,1
DA:312,9
DA:313,1
DA:314,1
DA:315,9
DA:316,1
DA:317,1
DA:318,9
DA:319,9
DA:320,9
DA:321,9
DA:322,0
DA:323,0
DA:324,0
DA:325,0
DA:326,0
DA:327,9
DA:328,9
DA:329,9
DA:330,0
DA:331,9
DA:332,1
DA:333,1
DA:334,1
DA:335,1
DA:336,0
DA:337,0
DA:338,1
DA:339,1
DA:340,1
DA:341,1
DA:342,1
DA:343,1
DA:344,2
DA:345,2
DA:346,2
DA:347,1
DA:348,1
DA:349,1
DA:350,1
DA:351,1
DA:352,2
DA:353,2
DA:354,1
DA:355,1
LF:355
LH:295
BRDA:34,0,0,2
BRDA:39,1,0,2
BRDA:46,2,0,1
BRDA:49,3,0,1
BRDA:51,4,0,0
BRDA:73,5,0,1
BRDA:75,6,0,0
BRDA:95,7,0,1
BRDA:96,8,0,1
BRDA:97,9,0,0
BRDA:100,10,0,1
BRDA:101,11,0,0
BRDA:107,12,0,3
BRDA:108,13,0,3
BRDA:109,14,0,0
BRDA:119,15,0,0
BRDA:119,16,0,0
BRDA:122,17,0,0
BRDA:134,18,0,1
BRDA:150,19,0,1
BRDA:154,20,0,1
BRDA:155,21,0,0
BRDA:158,22,0,1
BRDA:159,23,0,0
BRDA:162,24,0,3
BRDA:163,25,0,0
BRDA:167,26,0,3
BRDA:168,27,0,0
BRDA:172,28,0,0
BRDA:172,29,0,0
BRDA:175,30,0,0
BRDA:181,31,0,1
BRDA:199,32,0,1
BRDA:201,33,0,1
BRDA:203,34,0,0
BRDA:207,35,0,1
BRDA:209,36,0,0
BRDA:214,37,0,3
BRDA:215,38,0,3
BRDA:217,39,0,0
BRDA:223,40,0,1
BRDA:224,41,0,1
BRDA:226,42,0,0
BRDA:249,43,0,1
BRDA:251,44,0,1
BRDA:253,45,0,0
BRDA:257,46,0,1
BRDA:259,47,0,0
BRDA:264,48,0,2
BRDA:266,49,0,2
BRDA:268,50,0,0
BRDA:272,51,0,0
BRDA:273,52,0,0
BRDA:279,53,0,0
BRDA:285,54,0,1
BRDA:290,55,0,9
BRDA:294,56,0,0
BRDA:297,57,0,1
BRDA:300,58,0,1
BRDA:303,59,0,1
BRDA:306,60,0,1
BRDA:309,61,0,1
BRDA:312,62,0,1
BRDA:315,63,0,1
BRDA:321,64,0,0
BRDA:329,65,0,0
BRDA:333,66,0,1
BRDA:335,67,0,0
BRF:68
BRH:39
end_of_record
